DEBUG:root:Starting text processing...
DEBUG:root:Starting sentence processing for 'what evidence can you share that demonstrates the impact of the engagement? 

i’ve had multiple people comment positively on the clean branding the site and elements they’ve helped pull together'
DEBUG:root:Getting words for 'what evidence can you share that demonstrates the impact of the engagement? 

i’ve had multiple people comment positively on the clean branding the site and elements they’ve helped pull together'
DEBUG:root:Words returned: ['what', 'evidence', 'can', 'you', 'share', 'that', 'demonstrates', 'the', 'impact', 'of', 'the', 'engagement', 'i’ve', 'had', 'multiple', 'people', 'comment', 'positively', 'on', 'the', 'clean', 'branding', 'the', 'site', 'and', 'elements', 'they’ve', 'helped', 'pull', 'together']
DEBUG:root:Found keyword 'branding' in 'what evidence can you share that demonstrates the impact of the engagement? 

i’ve had multiple people comment positively on the clean branding the site and elements they’ve helped pull together'
DEBUG:root:Starting context processing for <['what', 'evidence', 'can', 'you', 'share', 'that', 'demonstrates', 'the', 'impact', 'of', 'the', 'engagement', 'i’ve', 'had', 'multiple', 'people', 'comment', 'positively', 'on', 'the', 'clean', 'branding', 'the', 'site', 'and', 'elements', 'they’ve', 'helped', 'pull', 'together']>
DEBUG:root:Starting sentence processing for ' 

how did deksia perform from a project management standpoint? 

i've worked with multiple agencies over the years and deksia are among the best communicators'
DEBUG:root:Getting words for ' 

how did deksia perform from a project management standpoint? 

i've worked with multiple agencies over the years and deksia are among the best communicators'
DEBUG:root:Words returned: ['how', 'did', 'deksia', 'perform', 'from', 'a', 'project', 'management', 'standpoint', "i've", 'worked', 'with', 'multiple', 'agencies', 'over', 'the', 'years', 'and', 'deksia', 'are', 'among', 'the', 'best', 'communicators']
DEBUG:root:Found keyword 'management' in ' 

how did deksia perform from a project management standpoint? 

i've worked with multiple agencies over the years and deksia are among the best communicators'
DEBUG:root:Starting context processing for <['how', 'did', 'deksia', 'perform', 'from', 'a', 'project', 'management', 'standpoint', "i've", 'worked', 'with', 'multiple', 'agencies', 'over', 'the', 'years', 'and', 'deksia', 'are', 'among', 'the', 'best', 'communicators']>
DEBUG:root:Starting sentence processing for ' we communicate through email and regular conference calls'
DEBUG:root:Getting words for ' we communicate through email and regular conference calls'
DEBUG:root:Words returned: ['we', 'communicate', 'through', 'email', 'and', 'regular', 'conference', 'calls']
DEBUG:root:Starting sentence processing for ' lauren is great about keeping in touch'
DEBUG:root:Getting words for ' lauren is great about keeping in touch'
DEBUG:root:Words returned: ['lauren', 'is', 'great', 'about', 'keeping', 'in', 'touch']
DEBUG:root:Starting sentence processing for ' if i have a question about my project they respond very quickly which is unusual for an agency'
DEBUG:root:Getting words for ' if i have a question about my project they respond very quickly which is unusual for an agency'
DEBUG:root:Words returned: ['if', 'i', 'have', 'a', 'question', 'about', 'my', 'project', 'they', 'respond', 'very', 'quickly', 'which', 'is', 'unusual', 'for', 'an', 'agency']
DEBUG:root:Starting sentence processing for ' 

what did you find most impressive about them? 

they’re great at putting themselves in the client’s shoes and are fun to work with'
DEBUG:root:Getting words for ' 

what did you find most impressive about them? 

they’re great at putting themselves in the client’s shoes and are fun to work with'
DEBUG:root:Words returned: ['what', 'did', 'you', 'find', 'most', 'impressive', 'about', 'them', 'they’re', 'great', 'at', 'putting', 'themselves', 'in', 'the', 'client’s', 'shoes', 'and', 'are', 'fun', 'to', 'work', 'with']
DEBUG:root:Starting sentence processing for ' you can tell lauren is passionate about what he does'
DEBUG:root:Getting words for ' you can tell lauren is passionate about what he does'
DEBUG:root:Words returned: ['you', 'can', 'tell', 'lauren', 'is', 'passionate', 'about', 'what', 'he', 'does']
DEBUG:root:Starting sentence processing for ' the whole team is very good at what they do and have many ideas to provide me'
DEBUG:root:Getting words for ' the whole team is very good at what they do and have many ideas to provide me'
DEBUG:root:Words returned: ['the', 'whole', 'team', 'is', 'very', 'good', 'at', 'what', 'they', 'do', 'and', 'have', 'many', 'ideas', 'to', 'provide', 'me']
DEBUG:root:Starting sentence processing for ' they’re always on their toes and see the project from my standpoint instead of just trying to make money and move on'
DEBUG:root:Getting words for ' they’re always on their toes and see the project from my standpoint instead of just trying to make money and move on'
DEBUG:root:Words returned: ['they’re', 'always', 'on', 'their', 'toes', 'and', 'see', 'the', 'project', 'from', 'my', 'standpoint', 'instead', 'of', 'just', 'trying', 'to', 'make', 'money', 'and', 'move', 'on']
DEBUG:root:Starting sentence processing for ' they truly care about what they’re doing and it shows throughout the whole process'
DEBUG:root:Getting words for ' they truly care about what they’re doing and it shows throughout the whole process'
DEBUG:root:Words returned: ['they', 'truly', 'care', 'about', 'what', 'they’re', 'doing', 'and', 'it', 'shows', 'throughout', 'the', 'whole', 'process']
DEBUG:root:Starting sentence processing for ' 

are there any areas they could improve? 

no'
DEBUG:root:Getting words for ' 

are there any areas they could improve? 

no'
DEBUG:root:Words returned: ['are', 'there', 'any', 'areas', 'they', 'could', 'improve', 'no']
DEBUG:root:Starting sentence processing for ' 

do you have any advice for potential customers? 

the best thing you can do is fully communicate what you’re trying to do whether it be your vision or its strategic implementations'
DEBUG:root:Getting words for ' 

do you have any advice for potential customers? 

the best thing you can do is fully communicate what you’re trying to do whether it be your vision or its strategic implementations'
DEBUG:root:Words returned: ['do', 'you', 'have', 'any', 'advice', 'for', 'potential', 'customers', 'the', 'best', 'thing', 'you', 'can', 'do', 'is', 'fully', 'communicate', 'what', 'you’re', 'trying', 'to', 'do', 'whether', 'it', 'be', 'your', 'vision', 'or', 'its', 'strategic', 'implementations']
DEBUG:root:Starting sentence processing for ' give them as much detail as possible'
DEBUG:root:Getting words for ' give them as much detail as possible'
DEBUG:root:Words returned: ['give', 'them', 'as', 'much', 'detail', 'as', 'possible']
DEBUG:root:Starting sentence processing for ' once you do that they will take it and run with it'
DEBUG:root:Getting words for ' once you do that they will take it and run with it'
DEBUG:root:Words returned: ['once', 'you', 'do', 'that', 'they', 'will', 'take', 'it', 'and', 'run', 'with', 'it']
DEBUG:root:Starting sentence processing for '
âòîðîé
could you share any evidence that would demonstrate the productivity quality of work or the impact of the engagement? 

quantitatively we don't have any metrics but qualitatively we've gotten great feedback from people who see our name and now see the connection between our name and our organization'
DEBUG:root:Getting words for '
âòîðîé
could you share any evidence that would demonstrate the productivity quality of work or the impact of the engagement? 

quantitatively we don't have any metrics but qualitatively we've gotten great feedback from people who see our name and now see the connection between our name and our organization'
DEBUG:root:Words returned: ['âòîðîé', 'could', 'you', 'share', 'any', 'evidence', 'that', 'would', 'demonstrate', 'the', 'productivity', 'quality', 'of', 'work', 'or', 'the', 'impact', 'of', 'the', 'engagement', 'quantitatively', 'we', "don't", 'have', 'any', 'metrics', 'but', 'qualitatively', "we've", 'gotten', 'great', 'feedback', 'from', 'people', 'who', 'see', 'our', 'name', 'and', 'now', 'see', 'the', 'connection', 'between', 'our', 'name', 'and', 'our', 'organization']
DEBUG:root:Found keyword 'feedback' in '
âòîðîé
could you share any evidence that would demonstrate the productivity quality of work or the impact of the engagement? 

quantitatively we don't have any metrics but qualitatively we've gotten great feedback from people who see our name and now see the connection between our name and our organization'
DEBUG:root:Starting context processing for <['âòîðîé', 'could', 'you', 'share', 'any', 'evidence', 'that', 'would', 'demonstrate', 'the', 'productivity', 'quality', 'of', 'work', 'or', 'the', 'impact', 'of', 'the', 'engagement', 'quantitatively', 'we', "don't", 'have', 'any', 'metrics', 'but', 'qualitatively', "we've", 'gotten', 'great', 'feedback', 'from', 'people', 'who', 'see', 'our', 'name', 'and', 'now', 'see', 'the', 'connection', 'between', 'our', 'name', 'and', 'our', 'organization']>
DEBUG:root:Evaluation word found: '['âòîðîé', 'could', 'you', 'share', 'any', 'evidence', 'that', 'would', 'demonstrate', 'the', 'productivity', 'quality', 'of', 'work', 'or', 'the', 'impact', 'of', 'the', 'engagement', 'quantitatively', 'we', "don't", 'have', 'any', 'metrics', 'but', 'qualitatively', "we've", 'gotten', 'great', 'feedback', 'from', 'people', 'who', 'see', 'our', 'name', 'and', 'now', 'see', 'the', 'connection', 'between', 'our', 'name', 'and', 'our', 'organization']'
DEBUG:root:Report created for '
âòîðîé
could you share any evidence that would demonstrate the productivity quality of work or the impact of the engagement? 

quantitatively we don't have any metrics but qualitatively we've gotten great feedback from people who see our name and now see the connection between our name and our organization'
DEBUG:root:Starting sentence processing for ' 

how did deksia perform from a project management standpoint? 

they are excellent at project management'
DEBUG:root:Getting words for ' 

how did deksia perform from a project management standpoint? 

they are excellent at project management'
DEBUG:root:Words returned: ['how', 'did', 'deksia', 'perform', 'from', 'a', 'project', 'management', 'standpoint', 'they', 'are', 'excellent', 'at', 'project', 'management']
DEBUG:root:Found keyword 'management' in ' 

how did deksia perform from a project management standpoint? 

they are excellent at project management'
DEBUG:root:Starting context processing for <['how', 'did', 'deksia', 'perform', 'from', 'a', 'project', 'management', 'standpoint', 'they', 'are', 'excellent', 'at', 'project', 'management']>
DEBUG:root:Starting sentence processing for ' aaron is the main guy who serves as their project manager and he is always available by phone email or text and will respond to you within the hour'
DEBUG:root:Getting words for ' aaron is the main guy who serves as their project manager and he is always available by phone email or text and will respond to you within the hour'
DEBUG:root:Words returned: ['aaron', 'is', 'the', 'main', 'guy', 'who', 'serves', 'as', 'their', 'project', 'manager', 'and', 'he', 'is', 'always', 'available', 'by', 'phone', 'email', 'or', 'text', 'and', 'will', 'respond', 'to', 'you', 'within', 'the', 'hour']
DEBUG:root:Starting sentence processing for ' corey was another team member who we worked with directly and he was also incredibly helpful'
DEBUG:root:Getting words for ' corey was another team member who we worked with directly and he was also incredibly helpful'
DEBUG:root:Words returned: ['corey', 'was', 'another', 'team', 'member', 'who', 'we', 'worked', 'with', 'directly', 'and', 'he', 'was', 'also', 'incredibly', 'helpful']
DEBUG:root:Starting sentence processing for ' 

what did you find most impressive about deksia? 

what sets them apart is aaron's deep knowledge of our business'
DEBUG:root:Getting words for ' 

what did you find most impressive about deksia? 

what sets them apart is aaron's deep knowledge of our business'
DEBUG:root:Words returned: ['what', 'did', 'you', 'find', 'most', 'impressive', 'about', 'deksia', 'what', 'sets', 'them', 'apart', 'is', "aaron's", 'deep', 'knowledge', 'of', 'our', 'business']
DEBUG:root:Starting sentence processing for ' what our company does is not something that an everyday person has common knowledge of for instance running a restaurant or a similar business but aaron takes the time to really understand us and the intricacies of our company which we really appreciate and had led us to a successful outcome with our new name and branding campaign'
DEBUG:root:Getting words for ' what our company does is not something that an everyday person has common knowledge of for instance running a restaurant or a similar business but aaron takes the time to really understand us and the intricacies of our company which we really appreciate and had led us to a successful outcome with our new name and branding campaign'
DEBUG:root:Words returned: ['what', 'our', 'company', 'does', 'is', 'not', 'something', 'that', 'an', 'everyday', 'person', 'has', 'common', 'knowledge', 'of', 'for', 'instance', 'running', 'a', 'restaurant', 'or', 'a', 'similar', 'business', 'but', 'aaron', 'takes', 'the', 'time', 'to', 'really', 'understand', 'us', 'and', 'the', 'intricacies', 'of', 'our', 'company', 'which', 'we', 'really', 'appreciate', 'and', 'had', 'led', 'us', 'to', 'a', 'successful', 'outcome', 'with', 'our', 'new', 'name', 'and', 'branding', 'campaign']
DEBUG:root:Found keyword 'branding' in ' what our company does is not something that an everyday person has common knowledge of for instance running a restaurant or a similar business but aaron takes the time to really understand us and the intricacies of our company which we really appreciate and had led us to a successful outcome with our new name and branding campaign'
DEBUG:root:Starting context processing for <['what', 'our', 'company', 'does', 'is', 'not', 'something', 'that', 'an', 'everyday', 'person', 'has', 'common', 'knowledge', 'of', 'for', 'instance', 'running', 'a', 'restaurant', 'or', 'a', 'similar', 'business', 'but', 'aaron', 'takes', 'the', 'time', 'to', 'really', 'understand', 'us', 'and', 'the', 'intricacies', 'of', 'our', 'company', 'which', 'we', 'really', 'appreciate', 'and', 'had', 'led', 'us', 'to', 'a', 'successful', 'outcome', 'with', 'our', 'new', 'name', 'and', 'branding', 'campaign']>
DEBUG:root:Starting sentence processing for ' 

are there any areas deksia could improve? 

i don't think there's anything they can improve upon at this point'
DEBUG:root:Getting words for ' 

are there any areas deksia could improve? 

i don't think there's anything they can improve upon at this point'
DEBUG:root:Words returned: ['are', 'there', 'any', 'areas', 'deksia', 'could', 'improve', 'i', "don't", 'think', "there's", 'anything', 'they', 'can', 'improve', 'upon', 'at', 'this', 'point']
DEBUG:root:Starting sentence processing for ''
DEBUG:root:Getting words for ''
DEBUG:root:Words returned: []
